<?xml version="1.0" encoding="UTF-8"?>
<!-- Generated by org.testng.reporters.JUnitReportReporter -->
<testsuite skipped="0" hostname="DESKTOP-AF85ST1" name="com.training.sanity.tests.LoginTests" tests="3" failures="0" timestamp="09 May 2020 21:57:37 GMT" time="80.807" errors="0">
  <testcase name="validTeacherSignUp" time="31.407" classname="com.training.sanity.tests.LoginTests"/>
  <testcase name="validLoginTest" time="24.142" classname="com.training.sanity.tests.LoginTests"/>
  <testcase name="validForgetPassword" time="25.258" classname="com.training.sanity.tests.LoginTests"/>
</testsuite> <!-- com.training.sanity.tests.LoginTests -->
