<?xml version="1.0" encoding="UTF-8"?>
<!-- Generated by org.testng.reporters.JUnitReportReporter -->
<testsuite skipped="0" hostname="DESKTOP-AF85ST1" name="com.training.sanity.tests.LoginTests" tests="3" failures="0" timestamp="08 May 2020 06:23:26 GMT" time="72.414" errors="0">
  <testcase name="validTeacherSignUp" time="27.512" classname="com.training.sanity.tests.LoginTests"/>
  <testcase name="validLoginTest" time="22.084" classname="com.training.sanity.tests.LoginTests"/>
  <testcase name="validForgetPassword" time="22.818" classname="com.training.sanity.tests.LoginTests"/>
</testsuite> <!-- com.training.sanity.tests.LoginTests -->
