<?xml version="1.0" encoding="UTF-8"?>
<!-- Generated by org.testng.reporters.JUnitReportReporter -->
<testsuite skipped="0" hostname="DESKTOP-AF85ST1" name="com.training.sanity.tests.LoginTests" tests="3" failures="0" timestamp="08 May 2020 01:38:14 GMT" time="107.477" errors="0">
  <testcase name="validTeacherSignUp" time="43.140" classname="com.training.sanity.tests.LoginTests"/>
  <testcase name="validLoginTest" time="26.756" classname="com.training.sanity.tests.LoginTests"/>
  <testcase name="validForgetPassword" time="37.581" classname="com.training.sanity.tests.LoginTests"/>
</testsuite> <!-- com.training.sanity.tests.LoginTests -->
