<?xml version="1.0" encoding="UTF-8"?>
<!-- Generated by org.testng.reporters.JUnitReportReporter -->
<testsuite skipped="0" hostname="DESKTOP-AF85ST1" name="com.training.sanity.tests.LoginTests" tests="3" failures="0" timestamp="14 May 2020 02:33:55 GMT" time="91.738" errors="0">
  <testcase name="validTeacherSignUp" time="43.721" classname="com.training.sanity.tests.LoginTests"/>
  <testcase name="validLoginTest" time="22.608" classname="com.training.sanity.tests.LoginTests"/>
  <testcase name="validForgetPassword" time="25.409" classname="com.training.sanity.tests.LoginTests"/>
</testsuite> <!-- com.training.sanity.tests.LoginTests -->
