<?xml version="1.0" encoding="UTF-8"?>
<!-- Generated by org.testng.reporters.JUnitReportReporter -->
<testsuite skipped="0" hostname="DESKTOP-AF85ST1" name="com.training.regression.tests.LoginDBTest" tests="1" failures="0" timestamp="20 May 2020 02:59:46 GMT" time="23.232" errors="0">
  <testcase name="loginDBTest" time="23.232" classname="com.training.regression.tests.LoginDBTest"/>
</testsuite> <!-- com.training.regression.tests.LoginDBTest -->
