<?xml version="1.0" encoding="UTF-8"?>
<!-- Generated by org.testng.reporters.JUnitReportReporter -->
<testsuite skipped="0" hostname="DESKTOP-AF85ST1" name="com.training.sanity.tests.LoginTests" tests="3" failures="0" timestamp="20 May 2020 16:02:43 GMT" time="74.111" errors="0">
  <testcase name="validTeacherSignUp" time="28.816" classname="com.training.sanity.tests.LoginTests"/>
  <testcase name="validLoginTest" time="19.796" classname="com.training.sanity.tests.LoginTests"/>
  <testcase name="validForgetPassword" time="25.499" classname="com.training.sanity.tests.LoginTests"/>
</testsuite> <!-- com.training.sanity.tests.LoginTests -->
