<?xml version="1.0" encoding="UTF-8"?>
<!-- Generated by org.testng.reporters.JUnitReportReporter -->
<testsuite skipped="0" hostname="DESKTOP-AF85ST1" name="com.training.sanity.tests.LoginTests" tests="3" failures="0" timestamp="08 May 2020 17:43:48 GMT" time="85.682" errors="0">
  <testcase name="validTeacherSignUp" time="29.132" classname="com.training.sanity.tests.LoginTests"/>
  <testcase name="validLoginTest" time="24.482" classname="com.training.sanity.tests.LoginTests"/>
  <testcase name="validForgetPassword" time="32.068" classname="com.training.sanity.tests.LoginTests"/>
</testsuite> <!-- com.training.sanity.tests.LoginTests -->
