<?xml version="1.0" encoding="UTF-8"?>
<!-- Generated by org.testng.reporters.JUnitReportReporter -->
<testsuite skipped="0" hostname="DESKTOP-AF85ST1" name="com.training.regression.tests.LoginExcelTest" tests="1" failures="0" timestamp="21 May 2020 18:26:37 GMT" time="39.308" errors="0">
  <testcase name="loginDBTest" time="39.308" classname="com.training.regression.tests.LoginExcelTest"/>
</testsuite> <!-- com.training.regression.tests.LoginExcelTest -->
