<?xml version="1.0" encoding="UTF-8"?>
<!-- Generated by org.testng.reporters.JUnitReportReporter -->
<testsuite skipped="0" hostname="DESKTOP-AF85ST1" name="com.training.sanity.tests.LoginTestsMedium" tests="3" failures="0" timestamp="14 May 2020 02:33:55 GMT" time="110.181" errors="0">
  <testcase name="ELTC_036" time="36.835" classname="com.training.sanity.tests.LoginTestsMedium"/>
  <testcase name="ELTC_037" time="36.943" classname="com.training.sanity.tests.LoginTestsMedium"/>
  <testcase name="ELTC_039" time="36.403" classname="com.training.sanity.tests.LoginTestsMedium"/>
</testsuite> <!-- com.training.sanity.tests.LoginTestsMedium -->
