<?xml version="1.0" encoding="UTF-8"?>
<!-- Generated by org.testng.reporters.JUnitReportReporter -->
<testsuite skipped="0" hostname="DESKTOP-AF85ST1" name="com.training.sanity.tests.LoginTest1Damodar" tests="1" failures="0" timestamp="09 May 2020 22:45:21 GMT" time="32.874" errors="0">
  <testcase name="validLoginTest" time="32.874" classname="com.training.sanity.tests.LoginTest1Damodar"/>
</testsuite> <!-- com.training.sanity.tests.LoginTest1Damodar -->
