<?xml version="1.0" encoding="UTF-8"?>
<!-- Generated by org.testng.reporters.JUnitReportReporter -->
<testsuite skipped="0" hostname="DESKTOP-AF85ST1" name="com.training.sanity.tests.LoginTestsMedium" tests="3" failures="0" timestamp="13 May 2020 04:07:34 GMT" time="99.891" errors="0">
  <testcase name="ELTC_036" time="32.813" classname="com.training.sanity.tests.LoginTestsMedium"/>
  <testcase name="ELTC_037" time="34.535" classname="com.training.sanity.tests.LoginTestsMedium"/>
  <testcase name="ELTC_039" time="32.543" classname="com.training.sanity.tests.LoginTestsMedium"/>
</testsuite> <!-- com.training.sanity.tests.LoginTestsMedium -->
